androidnew/app/build/intermediates/manifest_merge_blame_file/debug/manifest-merger-blame-debug-report.txt
1<?xml version="1.0" encoding="utf-8"?>
2<manifest xmlns:android="http://schemas.android.com/apk/res/android"
3    package="com.opentuwa.stream"
4    android:versionCode="1"
5    android:versionName="1.0.0" >
6
7    <uses-sdk
8        android:minSdkVersion="21"
9        android:targetSdkVersion="34" />
10
11    <uses-permission android:name="android.permission.INTERNET" />
11-->src\main\AndroidManifest.xml:4:5-67
11-->src\main\AndroidManifest.xml:4:22-64
12
13    <uses-feature
13-->src\main\AndroidManifest.xml:6:5-86
14        android:name="android.software.leanback"
14-->src\main\AndroidManifest.xml:6:19-59
15        android:required="true" />
15-->src\main\AndroidManifest.xml:6:60-83
16    <uses-feature
16-->src\main\AndroidManifest.xml:7:5-90
17        android:name="android.hardware.touchscreen"
17-->src\main\AndroidManifest.xml:7:19-62
18        android:required="false" />
18-->src\main\AndroidManifest.xml:7:63-87
19
20    <permission
20-->[androidx.core:core:1.9.0] AndroidManifest.xml:22:5-24:47
21        android:name="com.opentuwa.stream.DYNAMIC_RECEIVER_NOT_EXPORTED_PERMISSION"
21-->[androidx.core:core:1.9.0] AndroidManifest.xml:23:9-81
22        android:protectionLevel="signature" />
22-->[androidx.core:core:1.9.0] AndroidManifest.xml:24:9-44
23
24    <uses-permission android:name="com.opentuwa.stream.DYNAMIC_RECEIVER_NOT_EXPORTED_PERMISSION" />
24-->[androidx.core:core:1.9.0] AndroidManifest.xml:26:5-97
24-->[androidx.core:core:1.9.0] AndroidManifest.xml:26:22-94
25
26    <application
26-->src\main\AndroidManifest.xml:9:5-26:19
27        android:allowBackup="true"
27-->src\main\AndroidManifest.xml:10:9-35
28        android:appComponentFactory="androidx.core.app.CoreComponentFactory"
28-->[androidx.core:core:1.9.0] AndroidManifest.xml:28:18-86
29        android:banner="@android:drawable/sym_def_app_icon"
29-->src\main\AndroidManifest.xml:12:9-60
30        android:debuggable="true"
31        android:extractNativeLibs="true"
32        android:icon="@android:drawable/sym_def_app_icon"
32-->src\main\AndroidManifest.xml:11:9-58
33        android:label="Tuwa"
33-->src\main\AndroidManifest.xml:13:9-29
34        android:supportsRtl="true"
34-->src\main\AndroidManifest.xml:14:9-35
35        android:theme="@style/Theme.AppCompat.NoActionBar" >
35-->src\main\AndroidManifest.xml:15:9-59
36        <activity
36-->src\main\AndroidManifest.xml:17:9-25:20
37            android:name="com.opentuwa.stream.MainActivity"
37-->src\main\AndroidManifest.xml:18:13-41
38            android:exported="true"
38-->src\main\AndroidManifest.xml:19:13-36
39            android:screenOrientation="landscape" >
39-->src\main\AndroidManifest.xml:20:13-50
40            <intent-filter>
40-->src\main\AndroidManifest.xml:21:13-24:29
41                <action android:name="android.intent.action.MAIN" />
41-->src\main\AndroidManifest.xml:22:17-69
41-->src\main\AndroidManifest.xml:22:25-66
42
43                <category android:name="android.intent.category.LEANBACK_LAUNCHER" />
43-->src\main\AndroidManifest.xml:23:17-86
43-->src\main\AndroidManifest.xml:23:27-83
44            </intent-filter>
45        </activity>
46        <activity
46-->[com.google.android.gms:play-services-auth:20.7.0] AndroidManifest.xml:23:9-27:75
47            android:name="com.google.android.gms.auth.api.signin.internal.SignInHubActivity"
47-->[com.google.android.gms:play-services-auth:20.7.0] AndroidManifest.xml:24:13-93
48            android:excludeFromRecents="true"
48-->[com.google.android.gms:play-services-auth:20.7.0] AndroidManifest.xml:25:13-46
49            android:exported="false"
49-->[com.google.android.gms:play-services-auth:20.7.0] AndroidManifest.xml:26:13-37
50            android:theme="@android:style/Theme.Translucent.NoTitleBar" />
50-->[com.google.android.gms:play-services-auth:20.7.0] AndroidManifest.xml:27:13-72
51        <!--
52            Service handling Google Sign-In user revocation. For apps that do not integrate with
53            Google Sign-In, this service will never be started.
54        -->
55        <service
55-->[com.google.android.gms:play-services-auth:20.7.0] AndroidManifest.xml:33:9-37:51
56            android:name="com.google.android.gms.auth.api.signin.RevocationBoundService"
56-->[com.google.android.gms:play-services-auth:20.7.0] AndroidManifest.xml:34:13-89
57            android:exported="true"
57-->[com.google.android.gms:play-services-auth:20.7.0] AndroidManifest.xml:35:13-36
58            android:permission="com.google.android.gms.auth.api.signin.permission.REVOCATION_NOTIFICATION"
58-->[com.google.android.gms:play-services-auth:20.7.0] AndroidManifest.xml:36:13-107
59            android:visibleToInstantApps="true" />
59-->[com.google.android.gms:play-services-auth:20.7.0] AndroidManifest.xml:37:13-48
60
61        <activity
61-->[com.google.android.gms:play-services-base:18.0.1] AndroidManifest.xml:20:9-22:45
62            android:name="com.google.android.gms.common.api.GoogleApiActivity"
62-->[com.google.android.gms:play-services-base:18.0.1] AndroidManifest.xml:20:19-85
63            android:exported="false"
63-->[com.google.android.gms:play-services-base:18.0.1] AndroidManifest.xml:22:19-43
64            android:theme="@android:style/Theme.Translucent.NoTitleBar" />
64-->[com.google.android.gms:play-services-base:18.0.1] AndroidManifest.xml:21:19-78
65
66        <meta-data
66-->[com.google.android.gms:play-services-basement:18.2.0] AndroidManifest.xml:21:9-23:69
67            android:name="com.google.android.gms.version"
67-->[com.google.android.gms:play-services-basement:18.2.0] AndroidManifest.xml:22:13-58
68            android:value="@integer/google_play_services_version" />
68-->[com.google.android.gms:play-services-basement:18.2.0] AndroidManifest.xml:23:13-66
69
70        <provider
70-->[androidx.emoji2:emoji2:1.2.0] AndroidManifest.xml:24:9-32:20
71            android:name="androidx.startup.InitializationProvider"
71-->[androidx.emoji2:emoji2:1.2.0] AndroidManifest.xml:25:13-67
72            android:authorities="com.opentuwa.stream.androidx-startup"
72-->[androidx.emoji2:emoji2:1.2.0] AndroidManifest.xml:26:13-68
73            android:exported="false" >
73-->[androidx.emoji2:emoji2:1.2.0] AndroidManifest.xml:27:13-37
74            <meta-data
74-->[androidx.emoji2:emoji2:1.2.0] AndroidManifest.xml:29:13-31:52
75                android:name="androidx.emoji2.text.EmojiCompatInitializer"
75-->[androidx.emoji2:emoji2:1.2.0] AndroidManifest.xml:30:17-75
76                android:value="androidx.startup" />
76-->[androidx.emoji2:emoji2:1.2.0] AndroidManifest.xml:31:17-49
77            <meta-data
77-->[androidx.lifecycle:lifecycle-process:2.4.1] AndroidManifest.xml:31:13-33:52
78                android:name="androidx.lifecycle.ProcessLifecycleInitializer"
78-->[androidx.lifecycle:lifecycle-process:2.4.1] AndroidManifest.xml:32:17-78
79                android:value="androidx.startup" />
79-->[androidx.lifecycle:lifecycle-process:2.4.1] AndroidManifest.xml:33:17-49
80        </provider>
81    </application>
82
83</manifest>